{"/Users/urielblanco/Documents/portfolio/api-rest-ts/src/app.ts": {"path":"/Users/urielblanco/Documents/portfolio/api-rest-ts/src/app.ts","statementMap":{"0":{"start":{"line":1,"column":0},"end":{"line":1,"column":47}},"1":{"start":{"line":3,"column":25},"end":{"line":3,"column":34}},"2":{"start":{"line":5,"column":0},"end":{"line":7,"column":3}},"3":{"start":{"line":6,"column":4},"end":{"line":6,"column":49}},"4":{"start":{"line":9,"column":0},"end":{"line":9,"column":19}}},"fnMap":{"0":{"name":"(anonymous_1)","decl":{"start":{"line":5,"column":13},"end":{"line":5,"column":14}},"loc":{"start":{"line":5,"column":24},"end":{"line":7,"column":1}}}},"branchMap":{},"s":{"0":1,"1":1,"2":1,"3":1,"4":1},"f":{"0":1},"b":{}}
}
